c:\users\mykha\desktop\cudalessons\opengl_cuda_temp\opengl_cuda_temp\x64\debug\vc142.pdb
c:\users\mykha\desktop\cudalessons\opengl_cuda_temp\opengl_cuda_temp\x64\debug\vc142.idb
c:\users\mykha\desktop\cudalessons\opengl_cuda_temp\opengl_cuda_temp\x64\debug\glad.obj
c:\users\mykha\desktop\cudalessons\opengl_cuda_temp\opengl_cuda_temp\x64\debug\shader.obj
c:\users\mykha\desktop\cudalessons\opengl_cuda_temp\opengl_cuda_temp\x64\debug\rectangle_model.obj
c:\users\mykha\desktop\cudalessons\opengl_cuda_temp\opengl_cuda_temp\x64\debug\material.obj
c:\users\mykha\desktop\cudalessons\opengl_cuda_temp\opengl_cuda_temp\x64\debug\image.obj
c:\users\mykha\desktop\cudalessons\opengl_cuda_temp\opengl_cuda_temp\x64\debug\engine.obj
c:\users\mykha\desktop\cudalessons\opengl_cuda_temp\opengl_cuda_temp\x64\debug\scene.obj
c:\users\mykha\desktop\cudalessons\opengl_cuda_temp\opengl_cuda_temp\x64\debug\player.obj
c:\users\mykha\desktop\cudalessons\opengl_cuda_temp\opengl_cuda_temp\x64\debug\cube.obj
c:\users\mykha\desktop\cudalessons\opengl_cuda_temp\opengl_cuda_temp\x64\debug\app.obj
c:\users\mykha\desktop\cudalessons\opengl_cuda_temp\opengl_cuda_temp\x64\debug\obj_loader.obj
c:\users\mykha\desktop\cudalessons\opengl_cuda_temp\opengl_cuda_temp\x64\debug\source.obj
c:\users\mykha\desktop\cudalessons\opengl_cuda_temp\opengl_cuda_temp\x64\debug\obj_mesh.obj
c:\users\mykha\desktop\cudalessons\opengl_cuda_temp\opengl_cuda_temp\x64\debug\opengl_cuda_temp.ilk
c:\users\mykha\desktop\cudalessons\opengl_cuda_temp\x64\debug\opengl_cuda_temp.exe
c:\users\mykha\desktop\cudalessons\opengl_cuda_temp\x64\debug\opengl_cuda_temp.pdb
c:\users\mykha\desktop\cudalessons\opengl_cuda_temp\opengl_cuda_temp\x64\debug\opengl_cuda_temp.tlog\cl.command.1.tlog
c:\users\mykha\desktop\cudalessons\opengl_cuda_temp\opengl_cuda_temp\x64\debug\opengl_cuda_temp.tlog\cl.read.1.tlog
c:\users\mykha\desktop\cudalessons\opengl_cuda_temp\opengl_cuda_temp\x64\debug\opengl_cuda_temp.tlog\cl.write.1.tlog
c:\users\mykha\desktop\cudalessons\opengl_cuda_temp\opengl_cuda_temp\x64\debug\opengl_cuda_temp.tlog\link.17316.read.1.tlog
c:\users\mykha\desktop\cudalessons\opengl_cuda_temp\opengl_cuda_temp\x64\debug\opengl_cuda_temp.tlog\link.17316.write.1.tlog
c:\users\mykha\desktop\cudalessons\opengl_cuda_temp\opengl_cuda_temp\x64\debug\opengl_cuda_temp.tlog\link.command.1.tlog
c:\users\mykha\desktop\cudalessons\opengl_cuda_temp\opengl_cuda_temp\x64\debug\opengl_cuda_temp.tlog\link.read.1.tlog
c:\users\mykha\desktop\cudalessons\opengl_cuda_temp\opengl_cuda_temp\x64\debug\opengl_cuda_temp.tlog\link.write.1.tlog
