c:\users\mykha\desktop\cudalessons\cudaruntime1\cudaruntime1\x64\debug\vc142.pdb
c:\users\mykha\desktop\cudalessons\cudaruntime1\cudaruntime1\x64\debug\vc142.idb
c:\users\mykha\desktop\cudalessons\cudaruntime1\cudaruntime1\x64\debug\seq_add.obj
c:\users\mykha\desktop\cudalessons\cudaruntime1\cudaruntime1\x64\debug\common.obj
x64\debug\kernel.cu.obj
x64\debug\matrix_mul.cu.obj
x64\debug\parallel_add.cu.obj
c:\users\mykha\desktop\cudalessons\cudaruntime1\x64\debug\cudaruntime1.lib
c:\users\mykha\desktop\cudalessons\cudaruntime1\x64\debug\cudaruntime1.exp
c:\users\mykha\desktop\cudalessons\cudaruntime1\x64\debug\cudaruntime1.exe
c:\users\mykha\desktop\cudalessons\cudaruntime1\cudaruntime1\x64\debug\cudaruntime1.ilk
c:\users\mykha\desktop\cudalessons\cudaruntime1\x64\debug\cudaruntime1.pdb
c:\users\mykha\desktop\cudalessons\cudaruntime1\cudaruntime1\x64\debug\kernel.cu.cache
c:\users\mykha\desktop\cudalessons\cudaruntime1\cudaruntime1\x64\debug\matrix_mul.cu.cache
c:\users\mykha\desktop\cudalessons\cudaruntime1\cudaruntime1\x64\debug\parallel_add.cu.cache
c:\users\mykha\desktop\cudalessons\cudaruntime1\cudaruntime1\x64\debug\kernel.cu.obj
c:\users\mykha\desktop\cudalessons\cudaruntime1\cudaruntime1\x64\debug\matrix_mul.cu.obj
c:\users\mykha\desktop\cudalessons\cudaruntime1\cudaruntime1\x64\debug\parallel_add.cu.obj
c:\users\mykha\desktop\cudalessons\cudaruntime1\cudaruntime1\x64\debug\cudaruntime1.tlog\cl.command.1.tlog
c:\users\mykha\desktop\cudalessons\cudaruntime1\cudaruntime1\x64\debug\cudaruntime1.tlog\cl.read.1.tlog
c:\users\mykha\desktop\cudalessons\cudaruntime1\cudaruntime1\x64\debug\cudaruntime1.tlog\cl.write.1.tlog
c:\users\mykha\desktop\cudalessons\cudaruntime1\cudaruntime1\x64\debug\cudaruntime1.tlog\cudacompile.read.1u.tlog
c:\users\mykha\desktop\cudalessons\cudaruntime1\cudaruntime1\x64\debug\cudaruntime1.tlog\cudacompile.write.1u.tlog
c:\users\mykha\desktop\cudalessons\cudaruntime1\cudaruntime1\x64\debug\cudaruntime1.tlog\cudaruntime1.write.1u.tlog
c:\users\mykha\desktop\cudalessons\cudaruntime1\cudaruntime1\x64\debug\cudaruntime1.tlog\link.command.1.tlog
c:\users\mykha\desktop\cudalessons\cudaruntime1\cudaruntime1\x64\debug\cudaruntime1.tlog\link.read.1.tlog
c:\users\mykha\desktop\cudalessons\cudaruntime1\cudaruntime1\x64\debug\cudaruntime1.tlog\link.write.1.tlog
